[Sat May 30 02:32:18 2026] [INFO] Start app
[Sat May 30 02:32:18 2026] [INFO] Test passed
[Sat May 30 02:32:38 2026] [WARNING] Timeout
[Sat May 30 02:33:41 2026] [INFO] Start app
[Sat May 30 02:33:41 2026] [INFO] Test passed
[Sat May 30 02:34:01 2026] [INFO] End session
[Sat May 30 02:35:17 2026] [INFO] Start app
[Sat May 30 02:35:17 2026] [INFO] Test passed
[Sat May 30 02:35:22 2026] [WARNING] Timeout
[Sat May 30 02:38:49 2026] [INFO] Start app
[Sat May 30 02:38:49 2026] [INFO] Test passed
[Sat May 30 02:38:54 2026] [WARNING] Timeout
[Sat May 30 02:39:18 2026] [INFO] Start app
[Sat May 30 02:39:18 2026] [INFO] Test passed
[Sat May 30 02:39:45 2026] [INFO] End session
[Sat May 30 10:03:23 2026] [INFO] --- New application session started ---
[Sat May 30 10:03:24 2026] [INFO] Executing internal UNIT tests...
[Sat May 30 10:03:24 2026] [INFO] All UNIT tests passed successfully
[Sat May 30 10:03:24 2026] [INFO] Configuration loaded and validated successfully
[Sat May 30 10:03:29 2026] [WARNING] User typed incorrect character
[Sat May 30 10:04:01 2026] [WARNING] User typed incorrect character
[Sat May 30 10:04:04 2026] [WARNING] Session terminated due to timeout
[Sat May 30 11:46:47 2026] [INFO] --- New application session started ---
[Sat May 30 11:46:47 2026] [INFO] Executing internal UNIT tests...
[Sat May 30 11:46:47 2026] [INFO] All UNIT tests passed successfully
[Sat May 30 11:46:47 2026] [INFO] Configuration loaded successfully
[Sat May 30 11:47:08 2026] [INFO] Statistics saved to stats.txt
[Sat May 30 11:47:08 2026] [INFO] Application session ended normally
[Sat May 30 12:01:23 2026] [INFO] --- New application session started ---
[Sat May 30 12:01:23 2026] [INFO] Executing internal UNIT tests...
[Sat May 30 12:01:23 2026] [INFO] All UNIT tests passed successfully
[Sat May 30 12:01:32 2026] [WARNING] User typed incorrect character
[Sat May 30 12:01:32 2026] [WARNING] User typed incorrect character
[Sat May 30 12:01:32 2026] [WARNING] User typed incorrect character
[Sat May 30 12:01:32 2026] [WARNING] User typed incorrect character
[Sat May 30 12:01:32 2026] [WARNING] User typed incorrect character
[Sat May 30 12:05:23 2026] [INFO] Start app
[Sat May 30 12:05:23 2026] [INFO] Test passed
[Sat May 30 12:05:43 2026] [INFO] End session
[Sat May 30 12:18:31 2026] [INFO] Start app
[Sat May 30 12:18:31 2026] [INFO] Test passed
[Sat May 30 12:20:18 2026] [INFO] Start app
[Sat May 30 12:20:18 2026] [INFO] Test passed
[Sat May 30 12:21:30 2026] [WARNING] Timeout
[Sat May 30 12:21:44 2026] [INFO] Start app
[Sat May 30 12:21:44 2026] [INFO] Test passed
[Sat May 30 12:23:43 2026] [INFO] End session
[Sat May 30 12:25:14 2026] [INFO] Start app
[Sat May 30 12:25:14 2026] [ERROR] UNIT-tests failed
[Sat May 30 12:26:28 2026] [INFO] Start app
[Sat May 30 12:26:28 2026] [ERROR] UNIT-tests failed
[Sat May 30 12:26:54 2026] [INFO] Start app
[Sat May 30 12:26:54 2026] [ERROR] UNIT-tests failed
[Sat May 30 12:29:33 2026] [INFO] Start app
[Sat May 30 12:29:33 2026] [ERROR] UNIT-tests failed
[Sat May 30 12:30:24 2026] [INFO] Start app
[Sat May 30 12:30:24 2026] [INFO] Test passed
[Sat May 30 12:34:51 2026] [INFO] End session
[Sat May 30 12:34:59 2026] [INFO] Start app
[Sat May 30 12:34:59 2026] [INFO] Test passed
